<?xml version="1.0" encoding="UTF-8"?>
<!-- Generated by org.testng.reporters.JUnitReportReporter -->
<testsuite hostname="Thirosh" failures="0" tests="5" name="api.testCases.UserTest_SingleRealData" time="0.014" errors="0" timestamp="2024-02-19T12:41:48 IST" skipped="0">
  <testcase classname="api.testCases.UserTest_SingleRealData" name="newCreateUser" time="0.002"/>
  <testcase classname="api.testCases.UserTest_SingleRealData" name="newCreateUser" time="0.007"/>
  <testcase classname="api.testCases.UserTest_SingleRealData" name="newCreateUser" time="0.002"/>
  <testcase classname="api.testCases.UserTest_SingleRealData" name="newCreateUser" time="0.001"/>
  <testcase classname="api.testCases.UserTest_SingleRealData" name="newCreateUser" time="0.002"/>
</testsuite> <!-- api.testCases.UserTest_SingleRealData -->
