<?xml version="1.0" encoding="UTF-8"?>
<!-- Generated by org.testng.reporters.JUnitReportReporter -->
<testsuite hostname="Thirosh" failures="0" tests="4" name="api.testCases.UserTestFakeData" time="8.640" errors="0" timestamp="2024-02-09T15:08:01 IST" skipped="0">
  <testcase classname="api.testCases.UserTestFakeData" name="newCreateUser" time="4.487"/>
  <testcase classname="api.testCases.UserTestFakeData" name="getUserData" time="1.466"/>
  <testcase classname="api.testCases.UserTestFakeData" name="updateUserData" time="1.346"/>
  <testcase classname="api.testCases.UserTestFakeData" name="deleteUserData" time="1.341"/>
</testsuite> <!-- api.testCases.UserTestFakeData -->
