<?xml version="1.0" encoding="UTF-8"?>
<!-- Generated by org.testng.reporters.JUnitReportReporter -->
<testsuite hostname="Thirosh" failures="0" tests="5" name="api.testCases.UserTestRealData" time="8.789" errors="0" timestamp="2024-02-09T15:39:30 IST" skipped="0">
  <testcase classname="api.testCases.UserTestRealData" name="newCreateUser" time="3.483"/>
  <testcase classname="api.testCases.UserTestRealData" name="newCreateUser" time="1.329"/>
  <testcase classname="api.testCases.UserTestRealData" name="newCreateUser" time="1.325"/>
  <testcase classname="api.testCases.UserTestRealData" name="newCreateUser" time="1.333"/>
  <testcase classname="api.testCases.UserTestRealData" name="newCreateUser" time="1.319"/>
</testsuite> <!-- api.testCases.UserTestRealData -->
