<?xml version="1.0" encoding="UTF-8"?>
<!-- Generated by org.testng.reporters.JUnitReportReporter -->
<testsuite hostname="Thirosh" failures="0" tests="4" name="api.testCases.UserTest" time="7.529" errors="0" timestamp="2024-02-09T09:22:10 IST" skipped="0">
  <testcase classname="api.testCases.UserTest" name="newCreateUser" time="3.425"/>
  <testcase classname="api.testCases.UserTest" name="getUserData" time="1.426"/>
  <testcase classname="api.testCases.UserTest" name="updateUserData" time="1.327"/>
  <testcase classname="api.testCases.UserTest" name="deleteUserData" time="1.351"/>
</testsuite> <!-- api.testCases.UserTest -->
