<?xml version="1.0" encoding="UTF-8"?>
<!-- Generated by org.testng.reporters.JUnitReportReporter -->
<testsuite hostname="Thirosh" failures="0" tests="5" name="api.testCases.UserTest_MultipleRealData" time="9.011" errors="0" timestamp="2024-03-27T21:36:40 IST" skipped="0">
  <testcase classname="api.testCases.UserTest_MultipleRealData" name="newCreateUser" time="1.406"/>
  <testcase classname="api.testCases.UserTest_MultipleRealData" name="newCreateUser" time="1.330"/>
  <testcase classname="api.testCases.UserTest_MultipleRealData" name="newCreateUser" time="1.299"/>
  <testcase classname="api.testCases.UserTest_MultipleRealData" name="newCreateUser" time="1.378"/>
  <testcase classname="api.testCases.UserTest_MultipleRealData" name="newCreateUser" time="3.598"/>
</testsuite> <!-- api.testCases.UserTest_MultipleRealData -->
